blockdiag{
 default_fontsize = 14
  orientation=landscape
  LR_0[shape="endpoint"];
  LR_3[shape="endpoint"];
  LR_4[shape="endpoint"];
  LR_8[shape="endpoint"];
  LR_2[shape="circle"];
  LR_1[shape="circle"];
  LR_6[shape="circle"];
  LR_5[shape="circle"];
  LR_7[shape="circle"];
  LR_0 -> LR_2[label = "SS(B)" textcolor="#555599"   ,color="#555599"];
  LR_0 -> LR_1[label = "SS(S)" textcolor="#555599"   ,color="#555599"];
  LR_1 -> LR_3[label = "S($end)" textcolor="#555599"   ,color="#555599"];
  LR_2 -> LR_6[label = "SS(b)" textcolor="#555599"   ,color="#555599"];
  LR_2 -> LR_5[label = "SS(a)" textcolor="#555599"   ,color="#555599"];
  LR_2 -> LR_4[label = "S(A)" textcolor="#555599"   ,color="#555599"];
  LR_5 -> LR_7[label = "S(b)" textcolor="#555599"   ,color="#555599"];
  LR_5 -> LR_5[label = "S(a)" textcolor="#555599"   ,color="#555599"];
  LR_6 -> LR_6[label = "S(b)" textcolor="#555599"   ,color="#555599"];
  LR_6 -> LR_5[label = "S(a)" textcolor="#555599"   ,color="#555599"];
  LR_7 -> LR_8[label = "S(b)" textcolor="#555599"   ,color="#555599"];
  LR_7 -> LR_5[label = "S(a)" textcolor="#555599"   ,color="#555599"];
  LR_8 -> LR_6[label = "S(b)" textcolor="#555599"   ,color="#555599"];
  LR_8 -> LR_5[label = "S(a)" textcolor="#555599"   ,color="#555599"];
}
