blockdiag{
 default_fontsize = 14
  orientation=landscape
  plainnode;
  labelplainnode[label="WithLabel"];
  ImageNode[background="icons/cpu.png"];
  labelImageNode[background="icons/laptop.png"  ,label="WithLabel"];
  NodeAndRedColor[color="#ff0000"];
  LabelNodeAndRedColor[color="#ff0000"  ,label="WithLabel"];
  VNodeAndRedColor[color="#ff0000"];
  LabelVNodeAndRedColor[color="#ff0000"  ,label="Label"];
  CircularNode[shape="circle"];
  LabelCircularNode[shape="circle"  ,label="Label"];
  CircularBlueNode[color="#0000ff"  ,shape="circle"];
  labelCircularBlueNode[color="#0000ff"  ,shape="circle"  ,label="Label"];
  VCircularBlueNode[color="#0000ff"  ,shape="circle"];
  LabelVCircularBlueNode[color="#0000ff"  ,shape="circle"  ,label="Label"];
  BoldImage[background="icons/actor1.png"];
  LabelBoldImage[background="icons/actor2.png"  ,label="Label"];
  PlainBoldNode;
  LabelPlainBoldNode[label="Label"];
  DashedGreenNode[color="#00ff00"  ,style="dashed"];
  LabelDashedGreenNode[color="#00ff00"  ,style="dashed"  ,label="Label"];
  VDashedGreenNode[color="#00ff00"  ,style="dashed"];
  LabelVDashedGreenNode[color="#00ff00"  ,style="dashed"  ,label="Label"];
  DottedBoxNode[style="dotted"  ,shape="box"];
  LabelDottedBoxNode[style="dotted"  ,shape="box"  ,label="Label"];
  DottedRedBoxNode[color="#ff0000"  ,style="dotted"  ,shape="box"];
  LabelDottedRedBoxNode[color="#ff0000"  ,style="dotted"  ,shape="box"  ,label="Label"];
  VDottedRedBoxNode[color="#ff0000"  ,style="dotted"  ,shape="box"];
  LabelVDottedRedBoxNode[color="#ff0000"  ,style="dotted"  ,shape="box"  ,label="Label"];
}
