blockdiag{
 default_fontsize = 14
  orientation=landscape
  q[label="tamakin"];
  w[label="on"];
  group "if something would happend then"{

    label="if something would happend then" 
    a[label="Jotain"];
    b[label="muuta"];
  }
  group "elseif something probably would not happen then"{

    label="elseif something probably would not happen then" 
    c[label="erikoista"];
  }
  group "elseif or if i see a flying bird then"{

    label="elseif or if i see a flying bird then" 
    then[label="mita"];
    elseif[label="lie"];
    z[label="turhaa"];
  }
  group "else"{

    label="else" 
    m[label="homppaa"];
  }
  group "endif"{

    label="endif" 
  }
  outside;
  end;
  q -> w;
  a -> b;
  b -> c;
  then -> elseif;
  c -> z;
  q -> m;
  outside -> end;
}
