digraph {
  compound=true;
  rankdir=TD;
  subgraph cluster_1 {
      notgroupA1;
      notgroupB1;
  }//end of 1
  subgraph cluster_groupname2 {
      notgroupA2;
      notgroupB2;
  }//end of groupname2
  subgraph cluster_groupname3 {
    style=filled;
        color="#ff0000";
 
      notgroupA3;
      notgroupB3;
  }//end of groupname3
  subgraph cluster_groupname4 {
        label="sfvhsihdhfg"; 
    style=filled;
        color="#ff0000";
 
      notgroupA4;
      notgroupB4;
  }//end of groupname4
  subgraph cluster_groupname5 {
        label="sfvhsihdhfg"; 
      notgroupA5;
      notgroupB6;
  }//end of groupname5
  subgraph cluster_6 {
        label="rgsergset"; 
      notgroupA6;
  }//end of 6
//links start
}
