digraph {
  compound=true;
  rankdir=TD;
  a[image="icons/barcode.png"];
  b[image="icons/basestation.png"];
  c[image="icons/battery.png"];
  d[image="icons/camera.png"];
  e[image="icons/cpu.png"];
  f[image="icons/documents.png"];
  a1[image="icons/actor1.png"];
  b1[image="icons/keyboard.png"];
  c1[image="icons/laptop.png"];
  d1[image="icons/laser.png"];
  e1[image="icons/monitor.png"];
  f1[image="icons/mouse.png"];
  a2[image="icons/actor2.png"];
  b2[image="icons/printer.png"];
  c2[image="icons/ram.png"];
  d2[image="icons/satellite.png"];
  e2[image="icons/scanner.png"];
  f2[image="icons/sim.png"];
  u[image="icons/usbmemory.png"];
  w[image="icons/wifi.png"];
  a3[image="icons/actor3.png"];
//links start
  a->d;
  a->e;
  a->f;
  b->d;
  b->e;
  b->f;
  c->d;
  c->e;
  c->f;
  a1->d1;
  a1->e1;
  a1->f1;
  b1->d1;
  b1->e1;
  b1->f1;
  c1->d1;
  c1->e1;
  c1->f1;
  a2->d2;
  a2->e2;
  a2->f2;
  b2->d2;
  b2->e2;
  b2->f2;
  c2->d2;
  c2->e2;
  c2->f2;
  u->w;
  a1->a2;
  a2->a3;
}
