msc {
  q[label="tamakin"]
,  w[label="on"]
 /*1  if something would happend then*/ 
,    a[label="Jotain"]
,    b[label="muuta"]
 /*2  elseif something probably would not happen then*/ 
,    c[label="erikoista"]
 /*3  elseif or if i see a flying bird then*/ 
,    then[label="mita"]
,    elseif[label="lie"]
,    z[label="turhaa"]
 /*4  else*/ 
,    m[label="homppaa"]
 /*5  endif*/ 
,  outside
,  end
;
q=>w[id="1"];
a=>b[id="2"];
b=>c[id="3"];
elseif=>then[id="4"];
c=>z[id="5"];
q=>m[id="6"];
outside=>end[id="7"];
}
