@startuml
autonumber
participant  "tamakin" as  q
participant  "on" as  w
participant  outside
participant  end
q->w
alt if something would happend then
  participant  "Jotain" as  a
  participant  "muuta" as  b
  a->b
else elseif something probably would not happen then
  participant  "erikoista" as  c
  b->c
else elseif or if i see a flying bird then
  participant  "mita" as  then
  participant  "lie" as  elseif
  participant  "turhaa" as  z
  elseif->then
  c->z
else else
  participant  "homppaa" as  m
  q->m
end endif
outside->end
@enduml
