actdiag{
  default_fontsize = 14
  a[background="icons/barcode.png"];
  b[background="icons/basestation.png"];
  c[background="icons/battery.png"];
  d[background="icons/camera.png"];
  e[background="icons/cpu.png"];
  f[background="icons/documents.png"];
  a1[background="icons/actor1.png"];
  b1[background="icons/keyboard.png"];
  c1[background="icons/laptop.png"];
  d1[background="icons/laser.png"];
  e1[background="icons/monitor.png"];
  f1[background="icons/mouse.png"];
  a2[background="icons/actor2.png"];
  b2[background="icons/printer.png"];
  c2[background="icons/ram.png"];
  d2[background="icons/satellite.png"];
  e2[background="icons/scanner.png"];
  f2[background="icons/sim.png"];
  u[background="icons/usbmemory.png"];
  w[background="icons/wifi.png"];
  a3[background="icons/actor3.png"];
  a -> d;
  a -> e;
  a -> f;
  b -> d;
  b -> e;
  b -> f;
  c -> d;
  c -> e;
  c -> f;
  a1 -> d1;
  a1 -> e1;
  a1 -> f1;
  b1 -> d1;
  b1 -> e1;
  b1 -> f1;
  c1 -> d1;
  c1 -> e1;
  c1 -> f1;
  a2 -> d2;
  a2 -> e2;
  a2 -> f2;
  b2 -> d2;
  b2 -> e2;
  b2 -> f2;
  c2 -> d2;
  c2 -> e2;
  c2 -> f2;
  u -> w;
  a1 -> a2;
  a2 -> a3;
}
