actdiag{
  default_fontsize = 14
  s[color="#ff0000"  ,shape=actor];
  c[color="#0000ff"  ,shape=actor];
  lane "1"{
    m[color="#0000ff"  ,shape=box];
    vb[color="#0000ff"  ,shape=box];
    mo[color="#0000ff"  ,shape=box];
    b[color="#0000ff"  ,shape=box];
    v[color="#0000ff"  ,shape=box];
  }
  lane "2"{
    e[color="#0000ff"  ,shape=box];
  }
  s -> c[label = "connect,s=red\nlink=green\n this node=blue" textcolor="#00ff00"   ,color="#00ff00"];
  c -> m[label = "turn off mobile data"];
  m -> vb[label = "create blackhole VPN"];
  vb -> mo[label = "turn on mobile data"];
  mo -> b[label = "do bootstrap"];
  b -> v[label = "connect vpn"];
  e -> s[label = "wifi connected"];
  e -> s[label = "wifi disconnected"];
  e -> s[label = "mobile connected"];
  e -> s[label = "mobile disconnected"];
}
